<?xml version="1.0" encoding="UTF-8"?>
<testng-results ignored="0" total="1" passed="1" failed="0" skipped="0">
  <reporter-output>
  </reporter-output>
  <suite started-at="2024-06-11T12:41:12 IST" name="Default suite" finished-at="2024-06-11T12:41:50 IST" duration-ms="37926">
    <groups>
    </groups>
    <test started-at="2024-06-11T12:41:12 IST" name="Default test" finished-at="2024-06-11T12:41:50 IST" duration-ms="37926">
      <class name="practice.UserTest">
        <test-method signature="test()[pri:0, instance:practice.UserTest@3e8c3cb]" started-at="2024-06-11T12:41:12 IST" name="test" finished-at="2024-06-11T12:41:50 IST" duration-ms="37847" status="PASS">
          <reporter-output>
          </reporter-output>
        </test-method> <!-- test -->
      </class> <!-- practice.UserTest -->
    </test> <!-- Default test -->
  </suite> <!-- Default suite -->
</testng-results>
